2026-03-24 21:00:10,289 - logger - INFO - retrieve station information
2026-03-24 21:00:11,332 - logger - INFO - request status: Successful
2026-03-24 21:00:11,354 - logger - INFO - Successful dumping
2026-03-24 21:00:11,355 - logger - INFO - ------
2026-03-24 21:55:34,846 - logger - INFO - ------
2026-03-24 21:55:34,846 - logger - INFO - retrieve station status
2026-03-24 21:55:35,312 - logger - INFO - request status: Successful
2026-03-24 21:55:35,315 - logger - INFO - Successful dumping
2026-03-24 21:55:35,315 - logger - INFO - retrieve station information
2026-03-24 21:55:36,391 - logger - INFO - request status: Successful
2026-03-24 21:55:36,412 - logger - INFO - Successful dumping
2026-03-24 21:55:36,413 - logger - INFO - ------
2026-03-24 22:52:56,428 - logger - INFO - ------
2026-03-24 22:52:56,429 - logger - INFO - retrieve station status
2026-03-24 22:52:56,763 - logger - INFO - request status: Successful
2026-03-24 22:52:56,765 - logger - INFO - Successful dumping
2026-03-24 22:52:56,766 - logger - INFO - retrieve station information
2026-03-24 22:52:57,270 - logger - INFO - request status: Successful
2026-03-24 22:52:57,293 - logger - INFO - Successful dumping
2026-03-24 22:52:57,294 - logger - INFO - ------
2026-03-24 23:50:13,034 - logger - INFO - ------
2026-03-24 23:50:13,034 - logger - INFO - retrieve station status
2026-03-24 23:50:13,472 - logger - INFO - request status: Successful
2026-03-24 23:50:13,474 - logger - INFO - Successful dumping
2026-03-24 23:50:13,475 - logger - INFO - retrieve station information
2026-03-24 23:50:14,671 - logger - INFO - request status: Successful
2026-03-24 23:50:14,692 - logger - INFO - Successful dumping
2026-03-24 23:50:14,693 - logger - INFO - ------
